<?xml version="1.0" encoding="UTF-8"?>
<testsuite xmlns:xsi="http://www.w3.org/2001/XMLSchema-instance" xsi:noNamespaceSchemaLocation="https://maven.apache.org/surefire/maven-surefire-plugin/xsd/surefire-test-report-3.0.xsd" version="3.0" name="com.javaee.exercises.validations.Tester" time="0.353" tests="3" errors="0" skipped="0" failures="0">
  <properties>
[...]
</properties>
  <testcase name="createUserWithoutViolations" classname="com.javaee.exercises.validations.Tester" time="0.28">
    <system-err><![CDATA[févr. 20, 2024 10:50:08 AM org.hibernate.validator.internal.util.Version <clinit>
INFO: HV000001: Hibernate Validator 7.0.4.Final
]]></system-err>
  </testcase>
  <testcase name="createUser" classname="com.javaee.exercises.validations.Tester" time="0.021"/>
  <testcase name="createUserWithSetterCalls" classname="com.javaee.exercises.validations.Tester" time="0.007"/>
</testsuite>